[
  {
    "level": "INFO",
    "message": "android.ndkVersion from module build.gradle is not set"
  },
  {
    "level": "INFO",
    "message": "ndk.dir in local.properties is not set"
  },
  {
    "level": "INFO",
    "message": "ANDROID_NDK_HOME environment variable is /Users/ak/Library/Android/sdk/ndk-bundle"
  },
  {
    "level": "INFO",
    "message": "sdkFolder is /Users/ak/Library/Android/sdk"
  },
  {
    "level": "INFO",
    "message": "NDK side-by-side folder from sdkFolder /Users/ak/Library/Android/sdk/ndk does not exist"
  },
  {
    "level": "WARN",
    "message": "Support for ANDROID_NDK_HOME is deprecated and will be removed in the future. Use android.ndkVersion in build.gradle instead."
  },
  {
    "level": "INFO",
    "message": "Considering /Users/ak/Library/Android/sdk/ndk-bundle by ANDROID_NDK_HOME"
  },
  {
    "level": "INFO",
    "message": "Considering /Users/ak/Library/Android/sdk/ndk-bundle in SDK ndk-bundle folder"
  },
  {
    "level": "INFO",
    "message": "No user requested version, choosing /Users/ak/Library/Android/sdk/ndk-bundle which is version 21.3.6528147"
  }
]